<?xml version="1.0" encoding="UTF-8"?>
<testsuite xmlns:xsi="http://www.w3.org/2001/XMLSchema-instance" xsi:noNamespaceSchemaLocation="https://maven.apache.org/surefire/maven-surefire-plugin/xsd/surefire-test-report-3.0.xsd" version="3.0" name="com.example.combovistools.CombovistoolsApplicationTests" time="4.131" tests="1" errors="0" skipped="0" failures="0">
  <properties>
[...]
</properties>
  <testcase name="contextLoads" classname="com.example.combovistools.CombovistoolsApplicationTests" time="1.23">
    <system-out><![CDATA[11:43:33.022 [main] INFO org.springframework.test.context.support.AnnotationConfigContextLoaderUtils -- Could not detect default configuration classes for test class [com.example.combovistools.CombovistoolsApplicationTests]: CombovistoolsApplicationTests does not declare any static, non-private, non-final, nested classes annotated with @Configuration.
11:43:33.158 [main] INFO org.springframework.boot.test.context.SpringBootTestContextBootstrapper -- Found @SpringBootConfiguration com.example.combovistools.CombovistoolsApplication for test class com.example.combovistools.CombovistoolsApplicationTests
  .   ____          _            __ _ _
 /\\ / ___'_ __ _ _(_)_ __  __ _ \ \ \ \
( ( )\___ | '_ | '_| | '_ \/ _` | \ \ \ \
 \\/  ___)| |_)| | | | | || (_| |  ) ) ) )
  '  |____| .__|_| |_|_| |_\__, | / / / /
 =========|_|==============|___/=/_/_/_/

 :: Spring Boot ::                (v3.3.0)

2024-06-14T11:43:33.697-07:00  INFO 14524 --- [combovistools] [           main] c.e.c.CombovistoolsApplicationTests      : Starting CombovistoolsApplicationTests using Java 17.0.6 with PID 14524 (started by adity in C:\Users\adity\Downloads\OneDrive Overflow\Desktop\Graph-Theory-Updated\combovistools)
2024-06-14T11:43:33.699-07:00  INFO 14524 --- [combovistools] [           main] c.e.c.CombovistoolsApplicationTests      : No active profile set, falling back to 1 default profile: "default"
2024-06-14T11:43:35.228-07:00  INFO 14524 --- [combovistools] [           main] o.s.b.a.w.s.WelcomePageHandlerMapping    : Adding welcome page: class path resource [static/index.html]
2024-06-14T11:43:35.698-07:00  INFO 14524 --- [combovistools] [           main] c.e.c.CombovistoolsApplicationTests      : Started CombovistoolsApplicationTests in 2.354 seconds (process running for 3.534)
]]></system-out>
  </testcase>
</testsuite>